Arguments: 
  /Users/taljoffe/.nvm/versions/node/v10.16.3/bin/node /usr/local/bin/yarn

PATH: 
  /Users/taljoffe/.nvm/versions/node/v10.16.3/bin:/Users/taljoffe/.local/bin:/usr/local/bin:/usr/bin:/bin:/usr/sbin:/sbin:/Users/taljoffe/.nvm/versions/node/v10.16.3/bin:/Users/taljoffe/.local/bin:/Library/Java/JavaVirtualMachines/jdk1.8.0_161.jdk/Contents/Home/jre/bin:/Library/Java/JavaVirtualMachines/jdk1.8.0_161.jdk/Contents/Home/jre/bin

Yarn version: 
  1.5.1

Node version: 
  10.16.3

Platform: 
  darwin x64

npm manifest: 
  {
    "name": "blog",
    "version": "0.1.0",
    "private": true,
    "dependencies": {
      "gh-pages": "^1.0.0",
      "marked": "^0.3.6",
      "react": "^15.6.1",
      "react-bootstrap": "^0.31.1",
      "react-dom": "^15.6.1",
      "react-pdf": "^1.8.3",
      "react-redux": "^5.0.5",
      "react-router-bootstrap": "^0.24.2",
      "react-router-dom": "^4.1.1",
      "react-router-redux": "next",
      "react-search": "^2.0.5",
      "react-thunk": "^1.0.0",
      "redux": "^3.7.1",
      "redux-thunk": "^2.2.0",
      "whatwg-fetch": "^2.0.3"
    },
    "devDependencies": {
      "react-scripts": "1.0.10"
    },
    "homepage": "https://tal-joffe.github.io/blog",
    "scripts": {
      "predeploy": "npm run build ",
      "deploy": "gh-pages -d build",
      "start": "react-scripts start && cp -R src/data/ build/static/media/",
      "build": "react-scripts build && cp -R src/data/ build/static/media/",
      "test": "react-scripts test --env=jsdom",
      "eject": "react-scripts eject"
    }
  }

yarn manifest: 
  No manifest

Lockfile: 
  No lockfile

Trace: 
  Error: connect ECONNREFUSED 52.2.188.210:443
      at TCPConnectWrap.afterConnect [as oncomplete] (net.js:1106:14)
